Using pre-set license
Built from '2022.3/staging' branch; Version is '2022.3.30f1 (70558241b701) revision 7361922'; Using compiler version '192829333'; Build Type 'Release'
OS: 'Windows 11  (10.0.26100) 64bit Core' Language: 'en' Physical Memory: 16088 MB
BatchMode: 1, IsHumanControllingUs: 0, StartBugReporterOnCrash: 0, Is64bit: 1, IsPro: 1

COMMAND LINE ARGUMENTS:
C:\Program Files\Unity\Hub\Editor\2022.3.30f1\Editor\Unity.exe
-adb2
-batchMode
-noUpm
-name
AssetImportWorker2
-projectPath
C:/Users/semva/Projects_Unity/CellFlipper
-logFile
Logs/AssetImportWorker2.log
-srvPort
51542
Successfully changed project path to: C:/Users/semva/Projects_Unity/CellFlipper
C:/Users/semva/Projects_Unity/CellFlipper
[UnityMemory] Configuration Parameters - Can be set up in boot.config
    "memorysetup-bucket-allocator-granularity=16"
    "memorysetup-bucket-allocator-bucket-count=8"
    "memorysetup-bucket-allocator-block-size=33554432"
    "memorysetup-bucket-allocator-block-count=8"
    "memorysetup-main-allocator-block-size=16777216"
    "memorysetup-thread-allocator-block-size=16777216"
    "memorysetup-gfx-main-allocator-block-size=16777216"
    "memorysetup-gfx-thread-allocator-block-size=16777216"
    "memorysetup-cache-allocator-block-size=4194304"
    "memorysetup-typetree-allocator-block-size=2097152"
    "memorysetup-profiler-bucket-allocator-granularity=16"
    "memorysetup-profiler-bucket-allocator-bucket-count=8"
    "memorysetup-profiler-bucket-allocator-block-size=33554432"
    "memorysetup-profiler-bucket-allocator-block-count=8"
    "memorysetup-profiler-allocator-block-size=16777216"
    "memorysetup-profiler-editor-allocator-block-size=1048576"
    "memorysetup-temp-allocator-size-main=16777216"
    "memorysetup-job-temp-allocator-block-size=2097152"
    "memorysetup-job-temp-allocator-block-size-background=1048576"
    "memorysetup-job-temp-allocator-reduction-small-platforms=262144"
    "memorysetup-allocator-temp-initial-block-size-main=262144"
    "memorysetup-allocator-temp-initial-block-size-worker=262144"
    "memorysetup-temp-allocator-size-background-worker=32768"
    "memorysetup-temp-allocator-size-job-worker=262144"
    "memorysetup-temp-allocator-size-preload-manager=33554432"
    "memorysetup-temp-allocator-size-nav-mesh-worker=65536"
    "memorysetup-temp-allocator-size-audio-worker=65536"
    "memorysetup-temp-allocator-size-cloud-worker=32768"
    "memorysetup-temp-allocator-size-gi-baking-worker=262144"
    "memorysetup-temp-allocator-size-gfx=262144"
Player connection [26104] Host "[IP] 192.168.164.1 [Port] 0 [Flags] 2 [Guid] 3600749222 [EditorId] 3600749222 [Version] 1048832 [Id] WindowsEditor(7,MSI) [Debug] 1 [PackageName] WindowsEditor [ProjectName] Editor" joined multi-casting on [225.0.0.222:54997]...

Player connection [26104] Host "[IP] 192.168.164.1 [Port] 0 [Flags] 2 [Guid] 3600749222 [EditorId] 3600749222 [Version] 1048832 [Id] WindowsEditor(7,MSI) [Debug] 1 [PackageName] WindowsEditor [ProjectName] Editor" joined alternative multi-casting on [225.0.0.222:34997]...

[Physics::Module] Initialized MultithreadedJobDispatcher with 15 workers.
Refreshing native plugins compatible for Editor in 8.39 ms, found 4 plugins.
Preloading 0 native plugins for Editor in 0.00 ms.
Initialize engine version: 2022.3.30f1 (70558241b701)
[Subsystems] Discovering subsystems at path C:/Program Files/Unity/Hub/Editor/2022.3.30f1/Editor/Data/Resources/UnitySubsystems
[Subsystems] Discovering subsystems at path C:/Users/semva/Projects_Unity/CellFlipper/Assets
GfxDevice: creating device client; threaded=0; jobified=0
Direct3D:
    Version:  Direct3D 11.0 [level 11.1]
    Renderer: NVIDIA GeForce RTX 4060 Laptop GPU (ID=0x28a0)
    Vendor:   NVIDIA
    VRAM:     7957 MB
    Driver:   32.0.15.7283
Initialize mono
Mono path[0] = 'C:/Program Files/Unity/Hub/Editor/2022.3.30f1/Editor/Data/Managed'
Mono path[1] = 'C:/Program Files/Unity/Hub/Editor/2022.3.30f1/Editor/Data/MonoBleedingEdge/lib/mono/unityjit-win32'
Mono config path = 'C:/Program Files/Unity/Hub/Editor/2022.3.30f1/Editor/Data/MonoBleedingEdge/etc'
Using monoOptions --debugger-agent=transport=dt_socket,embedding=1,server=y,suspend=n,address=127.0.0.1:56188
Begin MonoManager ReloadAssembly
Registering precompiled unity dll's ...
Register platform support module: C:/Program Files/Unity/Hub/Editor/2022.3.30f1/Editor/Data/PlaybackEngines/WebGLSupport/UnityEditor.WebGL.Extensions.dll
Register platform support module: C:/Program Files/Unity/Hub/Editor/2022.3.30f1/Editor/Data/PlaybackEngines/WindowsStandaloneSupport/UnityEditor.WindowsStandalone.Extensions.dll
Registered in 0.005652 seconds.
- Loaded All Assemblies, in  0.259 seconds
Native extension for WindowsStandalone target not found
Native extension for WebGL target not found
Mono: successfully reloaded assembly
- Finished resetting the current domain, in  0.184 seconds
Domain Reload Profiling: 442ms
	BeginReloadAssembly (74ms)
		ExecutionOrderSort (0ms)
		DisableScriptedObjects (0ms)
		BackupInstance (0ms)
		ReleaseScriptingObjects (0ms)
		CreateAndSetChildDomain (1ms)
	RebuildCommonClasses (23ms)
	RebuildNativeTypeToScriptingClass (6ms)
	initialDomainReloadingComplete (43ms)
	LoadAllAssembliesAndSetupDomain (111ms)
		LoadAssemblies (73ms)
		RebuildTransferFunctionScriptingTraits (0ms)
		AnalyzeDomain (109ms)
			TypeCache.Refresh (108ms)
				TypeCache.ScanAssembly (97ms)
			ScanForSourceGeneratedMonoScriptInfo (0ms)
			ResolveRequiredComponents (0ms)
	FinalizeReload (184ms)
		ReleaseScriptCaches (0ms)
		RebuildScriptCaches (0ms)
		SetupLoadedEditorAssemblies (143ms)
			LogAssemblyErrors (0ms)
			InitializePlatformSupportModulesInManaged (8ms)
			SetLoadedEditorAssemblies (4ms)
			RefreshPlugins (0ms)
			BeforeProcessingInitializeOnLoad (1ms)
			ProcessInitializeOnLoadAttributes (98ms)
			ProcessInitializeOnLoadMethodAttributes (31ms)
			AfterProcessingInitializeOnLoad (0ms)
			EditorAssembliesLoaded (0ms)
		ExecutionOrderSort2 (0ms)
		AwakeInstancesAfterBackupRestoration (0ms)
========================================================================
Worker process is ready to serve import requests
Begin MonoManager ReloadAssembly
- Loaded All Assemblies, in  0.452 seconds
Refreshing native plugins compatible for Editor in 3.90 ms, found 4 plugins.
Native extension for WindowsStandalone target not found
Native extension for WebGL target not found
Mono: successfully reloaded assembly
- Finished resetting the current domain, in  0.442 seconds
Domain Reload Profiling: 893ms
	BeginReloadAssembly (101ms)
		ExecutionOrderSort (0ms)
		DisableScriptedObjects (3ms)
		BackupInstance (0ms)
		ReleaseScriptingObjects (0ms)
		CreateAndSetChildDomain (13ms)
	RebuildCommonClasses (23ms)
	RebuildNativeTypeToScriptingClass (7ms)
	initialDomainReloadingComplete (29ms)
	LoadAllAssembliesAndSetupDomain (289ms)
		LoadAssemblies (231ms)
		RebuildTransferFunctionScriptingTraits (0ms)
		AnalyzeDomain (119ms)
			TypeCache.Refresh (93ms)
				TypeCache.ScanAssembly (84ms)
			ScanForSourceGeneratedMonoScriptInfo (19ms)
			ResolveRequiredComponents (5ms)
	FinalizeReload (443ms)
		ReleaseScriptCaches (0ms)
		RebuildScriptCaches (0ms)
		SetupLoadedEditorAssemblies (327ms)
			LogAssemblyErrors (0ms)
			InitializePlatformSupportModulesInManaged (5ms)
			SetLoadedEditorAssemblies (4ms)
			RefreshPlugins (0ms)
			BeforeProcessingInitializeOnLoad (56ms)
			ProcessInitializeOnLoadAttributes (232ms)
			ProcessInitializeOnLoadMethodAttributes (25ms)
			AfterProcessingInitializeOnLoad (5ms)
			EditorAssembliesLoaded (0ms)
		ExecutionOrderSort2 (0ms)
		AwakeInstancesAfterBackupRestoration (5ms)
Launched and connected shader compiler UnityShaderCompiler.exe after 0.08 seconds
Refreshing native plugins compatible for Editor in 3.77 ms, found 4 plugins.
Preloading 0 native plugins for Editor in 0.00 ms.
Unloading 4200 Unused Serialized files (Serialized files now loaded: 0)
Unloading 73 unused Assets / (246.6 KB). Loaded Objects now: 4656.
Memory consumption went from 149.0 MB to 148.7 MB.
Total: 3.808500 ms (FindLiveObjects: 0.398100 ms CreateObjectMapping: 0.135800 ms MarkObjects: 3.082700 ms  DeleteObjects: 0.190800 ms)

AssetImportParameters requested are different than current active one (requested -> active):
  custom:scripting/monoscript/fileName/DeveloperModeManager.cs: 9ff8e0c30edb67efb3fea0b727b6a248 -> 
  custom:container-demuxer-ogg: 62fdf1f143b41e24485cea50d1cbac27 -> 
  custom:video-codec-MediaFoundation-h265: 746d11721c4dcdbdad8f713fa42b33f4 -> 
  custom:scripting/monoscript/fileName/RoomClearUIManager.cs: 6ad856a561d821a62b288eb14eede95e -> 2bedfd927f10c35b688aa410c3e874b0
  custom:video-decoder-ogg-theora: a1e56fd34408186e4bbccfd4996cb3dc -> 
  custom:framework-win-MediaFoundation: 216162199b28c13a410421893ffa2e32 -> 
  custom:CustomObjectIndexerAttribute: 9a22284fe3817be447336de3de66b15e -> 
  custom:container-demuxer-webm: 4f35f7cbe854078d1ac9338744f61a02 -> 
  custom:container-muxer-webm: aa71ff27fc2769a1b78a27578f13a17b -> 
  custom:video-decoder-webm-vp8: 9c59270c3fd7afecdb556c50c9e8de78 -> 
  custom:SearchIndexIgnoredProperties: e643bd26f0fe6173181afceb89e7c659 -> 
  custom:AudioImporter_EditorPlatform: d09bf68614088b80899f8185d706f6e7 -> 
  custom:video-encoder-webm-vp8: eb34c28f22e8b96e1ab97ce403110664 -> 
  custom:audio-decoder-ogg-vorbis: bf7c407c2cedff20999df2af8eb42d56 -> 
  custom:audio-encoder-webm-vorbis: bf7c407c2cedff20999df2af8eb42d56 -> 
========================================================================
Received Import Request.
  Time since last request: 17276.805977 seconds.
  path: Assets/So's/Rooms/Forrest/Hard/EmeraldGlade.asset
  artifactKey: Guid(54b23e6ac1e873647bcb672edfdd19b0) Importer(815301076,1909f56bfc062723c751e8b465ee728b)
Start importing Assets/So's/Rooms/Forrest/Hard/EmeraldGlade.asset using Guid(54b23e6ac1e873647bcb672edfdd19b0) Importer(815301076,1909f56bfc062723c751e8b465ee728b)  -> (artifact id: '91e0bf63625648992221ccc8e1891b14') in 0.009776 seconds
Number of updated asset objects reloaded before import = 0
Number of asset objects unloaded after import = 1
========================================================================
Received Import Request.
  Time since last request: 30.943732 seconds.
  path: Assets/So's/Rooms/Forrest/Hard/EmeraldGlade.asset
  artifactKey: Guid(54b23e6ac1e873647bcb672edfdd19b0) Importer(815301076,1909f56bfc062723c751e8b465ee728b)
Start importing Assets/So's/Rooms/Forrest/Hard/EmeraldGlade.asset using Guid(54b23e6ac1e873647bcb672edfdd19b0) Importer(815301076,1909f56bfc062723c751e8b465ee728b)  -> (artifact id: '89d72e7cec548341e8b6562b2949390f') in 0.001396 seconds
Number of updated asset objects reloaded before import = 0
Number of asset objects unloaded after import = 1
========================================================================
Received Import Request.
  Time since last request: 10.091483 seconds.
  path: Assets/So's/Rooms/Forrest/Hard/TwilightThicket.asset
  artifactKey: Guid(941a0c5b6d66fbe449c9ecb0147c30cf) Importer(815301076,1909f56bfc062723c751e8b465ee728b)
Start importing Assets/So's/Rooms/Forrest/Hard/TwilightThicket.asset using Guid(941a0c5b6d66fbe449c9ecb0147c30cf) Importer(815301076,1909f56bfc062723c751e8b465ee728b)  -> (artifact id: 'a60129509bb33b534c1ade5afa087b82') in 0.000897 seconds
Number of updated asset objects reloaded before import = 0
Number of asset objects unloaded after import = 1
========================================================================
Received Import Request.
  Time since last request: 78.683115 seconds.
  path: Assets/So's/Rooms/Forrest/Hard/TwilightThicket.asset
  artifactKey: Guid(941a0c5b6d66fbe449c9ecb0147c30cf) Importer(815301076,1909f56bfc062723c751e8b465ee728b)
Start importing Assets/So's/Rooms/Forrest/Hard/TwilightThicket.asset using Guid(941a0c5b6d66fbe449c9ecb0147c30cf) Importer(815301076,1909f56bfc062723c751e8b465ee728b)  -> (artifact id: '5620f997648c5b021a943c2b270ca51d') in 0.001269 seconds
Number of updated asset objects reloaded before import = 0
Number of asset objects unloaded after import = 1
========================================================================
Received Import Request.
  Time since last request: 11.193666 seconds.
  path: Assets/So's/Rooms/Forrest/Hard/MossyHollow.asset
  artifactKey: Guid(3b225e4e7db59ed4aae59f0c1fb4e3aa) Importer(815301076,1909f56bfc062723c751e8b465ee728b)
Start importing Assets/So's/Rooms/Forrest/Hard/MossyHollow.asset using Guid(3b225e4e7db59ed4aae59f0c1fb4e3aa) Importer(815301076,1909f56bfc062723c751e8b465ee728b)  -> (artifact id: '84f13b91c0c313dd1ef055cdf8e6c5e4') in 0.000908 seconds
Number of updated asset objects reloaded before import = 0
Number of asset objects unloaded after import = 1
========================================================================
Received Import Request.
  Time since last request: 41.928272 seconds.
  path: Assets/So's/Rooms/Forrest/Hard/MossyHollow.asset
  artifactKey: Guid(3b225e4e7db59ed4aae59f0c1fb4e3aa) Importer(815301076,1909f56bfc062723c751e8b465ee728b)
Start importing Assets/So's/Rooms/Forrest/Hard/MossyHollow.asset using Guid(3b225e4e7db59ed4aae59f0c1fb4e3aa) Importer(815301076,1909f56bfc062723c751e8b465ee728b)  -> (artifact id: 'dc049deaf924bce661e41cc64db7b136') in 0.001050 seconds
Number of updated asset objects reloaded before import = 0
Number of asset objects unloaded after import = 1
========================================================================
Received Import Request.
  Time since last request: 11.902113 seconds.
  path: Assets/So's/Rooms/Forrest/Hard/Shadowwood.asset
  artifactKey: Guid(3426646e267f3334f9404d198c1a633b) Importer(815301076,1909f56bfc062723c751e8b465ee728b)
Start importing Assets/So's/Rooms/Forrest/Hard/Shadowwood.asset using Guid(3426646e267f3334f9404d198c1a633b) Importer(815301076,1909f56bfc062723c751e8b465ee728b)  -> (artifact id: '38ca30462b061a21edda8f82f61f5e65') in 0.001533 seconds
Number of updated asset objects reloaded before import = 0
Number of asset objects unloaded after import = 1
========================================================================
Received Import Request.
  Time since last request: 78.301990 seconds.
  path: Assets/So's/Rooms/Forrest/Hard/Shadowwood.asset
  artifactKey: Guid(3426646e267f3334f9404d198c1a633b) Importer(815301076,1909f56bfc062723c751e8b465ee728b)
Start importing Assets/So's/Rooms/Forrest/Hard/Shadowwood.asset using Guid(3426646e267f3334f9404d198c1a633b) Importer(815301076,1909f56bfc062723c751e8b465ee728b)  -> (artifact id: 'd5fa73ad78a9820e472beb5e0e9a5885') in 0.008795 seconds
Number of updated asset objects reloaded before import = 0
Number of asset objects unloaded after import = 1
========================================================================
Received Import Request.
  Time since last request: 4.559620 seconds.
  path: Assets/So's/Rooms/Forrest/Hard/WhisperingPines.asset
  artifactKey: Guid(55f81c3aabc486547a972f259e4cea0c) Importer(815301076,1909f56bfc062723c751e8b465ee728b)
Start importing Assets/So's/Rooms/Forrest/Hard/WhisperingPines.asset using Guid(55f81c3aabc486547a972f259e4cea0c) Importer(815301076,1909f56bfc062723c751e8b465ee728b)  -> (artifact id: 'f2f628f15296a0c4f46de269ad83ae3e') in 0.000939 seconds
Number of updated asset objects reloaded before import = 0
Number of asset objects unloaded after import = 1
========================================================================
Received Import Request.
  Time since last request: 94.278793 seconds.
  path: Assets/So's/Rooms/Forrest/Crazy
  artifactKey: Guid(3bb7da0dac6e88843894437c16103779) Importer(815301076,1909f56bfc062723c751e8b465ee728b)
Start importing Assets/So's/Rooms/Forrest/Crazy using Guid(3bb7da0dac6e88843894437c16103779) Importer(815301076,1909f56bfc062723c751e8b465ee728b)  -> (artifact id: '9d81f6a9361fe3c9362bee3b0fed6e76') in 0.000872 seconds
Number of updated asset objects reloaded before import = 0
Number of asset objects unloaded after import = 0
========================================================================
Received Import Request.
  Time since last request: 7.897087 seconds.
  path: Assets/So's/Rooms/Forrest/Crazy/TwistedBramble.asset
  artifactKey: Guid(a55c925cf6c7f744eb59a5d5407bbfe5) Importer(815301076,1909f56bfc062723c751e8b465ee728b)
Start importing Assets/So's/Rooms/Forrest/Crazy/TwistedBramble.asset using Guid(a55c925cf6c7f744eb59a5d5407bbfe5) Importer(815301076,1909f56bfc062723c751e8b465ee728b)  -> (artifact id: '513a9a11d8bcc3aaa46e61767e22b03c') in 0.000989 seconds
Number of updated asset objects reloaded before import = 0
Number of asset objects unloaded after import = 1
========================================================================
Received Import Request.
  Time since last request: 218.073104 seconds.
  path: Assets/So's/Rooms/Forrest/Crazy/TwistedBramble.asset
  artifactKey: Guid(a55c925cf6c7f744eb59a5d5407bbfe5) Importer(815301076,1909f56bfc062723c751e8b465ee728b)
Start importing Assets/So's/Rooms/Forrest/Crazy/TwistedBramble.asset using Guid(a55c925cf6c7f744eb59a5d5407bbfe5) Importer(815301076,1909f56bfc062723c751e8b465ee728b)  -> (artifact id: 'b49e4bfe61008df6b34ae42593386e08') in 0.001893 seconds
Number of updated asset objects reloaded before import = 0
Number of asset objects unloaded after import = 1
========================================================================
Received Import Request.
  Time since last request: 440.319674 seconds.
  path: Assets/So's/Rooms/Forrest/Crazy/GnarledCanopy.asset
  artifactKey: Guid(1e07428f6190db440b4411a1a3563903) Importer(815301076,1909f56bfc062723c751e8b465ee728b)
Start importing Assets/So's/Rooms/Forrest/Crazy/GnarledCanopy.asset using Guid(1e07428f6190db440b4411a1a3563903) Importer(815301076,1909f56bfc062723c751e8b465ee728b)  -> (artifact id: 'a2a7e8086a9e3c08e522461476af9e20') in 0.001525 seconds
Number of updated asset objects reloaded before import = 0
Number of asset objects unloaded after import = 1
========================================================================
Received Import Request.
  Time since last request: 198.494394 seconds.
  path: Assets/So's/Rooms/Forrest/Crazy/GnarledCanopy.asset
  artifactKey: Guid(1e07428f6190db440b4411a1a3563903) Importer(815301076,1909f56bfc062723c751e8b465ee728b)
Start importing Assets/So's/Rooms/Forrest/Crazy/GnarledCanopy.asset using Guid(1e07428f6190db440b4411a1a3563903) Importer(815301076,1909f56bfc062723c751e8b465ee728b)  -> (artifact id: '0e51a8c34863f834a98c8453cf692891') in 0.000958 seconds
Number of updated asset objects reloaded before import = 0
Number of asset objects unloaded after import = 1
========================================================================
Received Import Request.
  Time since last request: 7.986586 seconds.
  path: Assets/So's/Rooms/Forrest/Crazy/EldritchGrove.asset
  artifactKey: Guid(ed018f33aa5a6c8419cf584dc78bb8fa) Importer(815301076,1909f56bfc062723c751e8b465ee728b)
Start importing Assets/So's/Rooms/Forrest/Crazy/EldritchGrove.asset using Guid(ed018f33aa5a6c8419cf584dc78bb8fa) Importer(815301076,1909f56bfc062723c751e8b465ee728b)  -> (artifact id: '8c5d879e913e1dbd8ca379e05f09a274') in 0.001133 seconds
Number of updated asset objects reloaded before import = 0
Number of asset objects unloaded after import = 1
========================================================================
Received Import Request.
  Time since last request: 85.184973 seconds.
  path: Assets/So's/Rooms/Forrest/Crazy/EldritchGrove.asset
  artifactKey: Guid(ed018f33aa5a6c8419cf584dc78bb8fa) Importer(815301076,1909f56bfc062723c751e8b465ee728b)
Start importing Assets/So's/Rooms/Forrest/Crazy/EldritchGrove.asset using Guid(ed018f33aa5a6c8419cf584dc78bb8fa) Importer(815301076,1909f56bfc062723c751e8b465ee728b)  -> (artifact id: '20eb2132ae628bd03edb42de36abb825') in 0.001783 seconds
Number of updated asset objects reloaded before import = 0
Number of asset objects unloaded after import = 1
========================================================================
Received Import Request.
  Time since last request: 8.110563 seconds.
  path: Assets/So's/Rooms/Forrest/Crazy/NightfallHollow.asset
  artifactKey: Guid(cb0f7e1b96a870041801d192d33077cb) Importer(815301076,1909f56bfc062723c751e8b465ee728b)
Start importing Assets/So's/Rooms/Forrest/Crazy/NightfallHollow.asset using Guid(cb0f7e1b96a870041801d192d33077cb) Importer(815301076,1909f56bfc062723c751e8b465ee728b)  -> (artifact id: '895fe6700503577acb2ea78988f0685d') in 0.000913 seconds
Number of updated asset objects reloaded before import = 0
Number of asset objects unloaded after import = 1
========================================================================
Received Import Request.
  Time since last request: 164.431423 seconds.
  path: Assets/So's/Rooms/Forrest/Crazy/NightfallHollow.asset
  artifactKey: Guid(cb0f7e1b96a870041801d192d33077cb) Importer(815301076,1909f56bfc062723c751e8b465ee728b)
Start importing Assets/So's/Rooms/Forrest/Crazy/NightfallHollow.asset using Guid(cb0f7e1b96a870041801d192d33077cb) Importer(815301076,1909f56bfc062723c751e8b465ee728b)  -> (artifact id: '8958606fd92a24d28cfeca0c0226a877') in 0.001557 seconds
Number of updated asset objects reloaded before import = 0
Number of asset objects unloaded after import = 1
========================================================================
Received Import Request.
  Time since last request: 15.255988 seconds.
  path: Assets/So's/Rooms/Forrest/Crazy/HauntedThicket.asset
  artifactKey: Guid(78e093d40186a9b42a46327d65298f8a) Importer(815301076,1909f56bfc062723c751e8b465ee728b)
Start importing Assets/So's/Rooms/Forrest/Crazy/HauntedThicket.asset using Guid(78e093d40186a9b42a46327d65298f8a) Importer(815301076,1909f56bfc062723c751e8b465ee728b)  -> (artifact id: '82c5e79f16f71a1856c1410b4923a2e0') in 0.001106 seconds
Number of updated asset objects reloaded before import = 0
Number of asset objects unloaded after import = 1
========================================================================
Received Import Request.
  Time since last request: 291.277484 seconds.
  path: Assets/Scenes/GameScene.unity
  artifactKey: Guid(c84c47cd9df7b3a4e9e533d09c871fdd) Importer(815301076,1909f56bfc062723c751e8b465ee728b)
Start importing Assets/Scenes/GameScene.unity using Guid(c84c47cd9df7b3a4e9e533d09c871fdd) Importer(815301076,1909f56bfc062723c751e8b465ee728b)  -> (artifact id: '38184a3ef22fc42f664b6f8f427561b2') in 0.000685 seconds
Number of updated asset objects reloaded before import = 0
Number of asset objects unloaded after import = 0
========================================================================
Received Import Request.
  Time since last request: 32.662423 seconds.
  path: Assets/So's/Rooms/Forrest/Medium/UpstartsTreehouse.asset
  artifactKey: Guid(26d5db5ccb663ce4a8461ceccc878f5a) Importer(815301076,1909f56bfc062723c751e8b465ee728b)
Start importing Assets/So's/Rooms/Forrest/Medium/UpstartsTreehouse.asset using Guid(26d5db5ccb663ce4a8461ceccc878f5a) Importer(815301076,1909f56bfc062723c751e8b465ee728b)  -> (artifact id: '6b3ad4463ab6e0e9d30081737cbd9484') in 0.001922 seconds
Number of updated asset objects reloaded before import = 0
Number of asset objects unloaded after import = 1
========================================================================
Received Import Request.
  Time since last request: 9.647996 seconds.
  path: Assets/So's/Rooms/Forrest/Hard/WhisperingPines.asset
  artifactKey: Guid(55f81c3aabc486547a972f259e4cea0c) Importer(815301076,1909f56bfc062723c751e8b465ee728b)
Start importing Assets/So's/Rooms/Forrest/Hard/WhisperingPines.asset using Guid(55f81c3aabc486547a972f259e4cea0c) Importer(815301076,1909f56bfc062723c751e8b465ee728b)  -> (artifact id: '851e7e632fe985499d382b5e3677ec52') in 0.001589 seconds
Number of updated asset objects reloaded before import = 0
Number of asset objects unloaded after import = 1
========================================================================
Received Prepare
Begin MonoManager ReloadAssembly
- Loaded All Assemblies, in  0.359 seconds
Refreshing native plugins compatible for Editor in 4.15 ms, found 4 plugins.
Native extension for WindowsStandalone target not found
Native extension for WebGL target not found
Mono: successfully reloaded assembly
- Finished resetting the current domain, in  1.007 seconds
Domain Reload Profiling: 1363ms
	BeginReloadAssembly (123ms)
		ExecutionOrderSort (0ms)
		DisableScriptedObjects (9ms)
		BackupInstance (0ms)
		ReleaseScriptingObjects (0ms)
		CreateAndSetChildDomain (28ms)
	RebuildCommonClasses (24ms)
	RebuildNativeTypeToScriptingClass (7ms)
	initialDomainReloadingComplete (23ms)
	LoadAllAssembliesAndSetupDomain (179ms)
		LoadAssemblies (228ms)
		RebuildTransferFunctionScriptingTraits (0ms)
		AnalyzeDomain (11ms)
			TypeCache.Refresh (5ms)
				TypeCache.ScanAssembly (0ms)
			ScanForSourceGeneratedMonoScriptInfo (0ms)
			ResolveRequiredComponents (4ms)
	FinalizeReload (1007ms)
		ReleaseScriptCaches (0ms)
		RebuildScriptCaches (0ms)
		SetupLoadedEditorAssemblies (424ms)
			LogAssemblyErrors (0ms)
			InitializePlatformSupportModulesInManaged (7ms)
			SetLoadedEditorAssemblies (4ms)
			RefreshPlugins (0ms)
			BeforeProcessingInitializeOnLoad (68ms)
			ProcessInitializeOnLoadAttributes (305ms)
			ProcessInitializeOnLoadMethodAttributes (33ms)
			AfterProcessingInitializeOnLoad (7ms)
			EditorAssembliesLoaded (0ms)
		ExecutionOrderSort2 (0ms)
		AwakeInstancesAfterBackupRestoration (12ms)
Refreshing native plugins compatible for Editor in 7.28 ms, found 4 plugins.
Preloading 0 native plugins for Editor in 0.00 ms.
Unloading 4181 Unused Serialized files (Serialized files now loaded: 0)
Unloading 45 unused Assets / (218.5 KB). Loaded Objects now: 4662.
Memory consumption went from 144.3 MB to 144.1 MB.
Total: 3.565400 ms (FindLiveObjects: 0.220200 ms CreateObjectMapping: 0.135900 ms MarkObjects: 3.015700 ms  DeleteObjects: 0.192500 ms)

Prepare: number of updated asset objects reloaded= 0
AssetImportParameters requested are different than current active one (requested -> active):
  custom:scripting/monoscript/fileName/DeveloperModeManager.cs: 9ff8e0c30edb67efb3fea0b727b6a248 -> 
  custom:container-demuxer-ogg: 62fdf1f143b41e24485cea50d1cbac27 -> 
  custom:video-codec-MediaFoundation-h265: 746d11721c4dcdbdad8f713fa42b33f4 -> 
  custom:scripting/monoscript/fileName/RoomClearUIManager.cs: 6ad856a561d821a62b288eb14eede95e -> 2bedfd927f10c35b688aa410c3e874b0
  custom:video-decoder-ogg-theora: a1e56fd34408186e4bbccfd4996cb3dc -> 
  custom:framework-win-MediaFoundation: 216162199b28c13a410421893ffa2e32 -> 
  custom:CustomObjectIndexerAttribute: 9a22284fe3817be447336de3de66b15e -> 
  custom:container-demuxer-webm: 4f35f7cbe854078d1ac9338744f61a02 -> 
  custom:container-muxer-webm: aa71ff27fc2769a1b78a27578f13a17b -> 
  custom:video-decoder-webm-vp8: 9c59270c3fd7afecdb556c50c9e8de78 -> 
  custom:SearchIndexIgnoredProperties: e643bd26f0fe6173181afceb89e7c659 -> 
  custom:AudioImporter_EditorPlatform: d09bf68614088b80899f8185d706f6e7 -> 
  custom:video-encoder-webm-vp8: eb34c28f22e8b96e1ab97ce403110664 -> 
  custom:audio-decoder-ogg-vorbis: bf7c407c2cedff20999df2af8eb42d56 -> 
  custom:audio-encoder-webm-vorbis: bf7c407c2cedff20999df2af8eb42d56 -> 
========================================================================
Received Prepare
Begin MonoManager ReloadAssembly
- Loaded All Assemblies, in  0.371 seconds
Refreshing native plugins compatible for Editor in 4.55 ms, found 4 plugins.
Native extension for WindowsStandalone target not found
Native extension for WebGL target not found
Mono: successfully reloaded assembly
- Finished resetting the current domain, in  0.796 seconds
Domain Reload Profiling: 1165ms
	BeginReloadAssembly (130ms)
		ExecutionOrderSort (0ms)
		DisableScriptedObjects (9ms)
		BackupInstance (0ms)
		ReleaseScriptingObjects (0ms)
		CreateAndSetChildDomain (28ms)
	RebuildCommonClasses (23ms)
	RebuildNativeTypeToScriptingClass (7ms)
	initialDomainReloadingComplete (23ms)
	LoadAllAssembliesAndSetupDomain (184ms)
		LoadAssemblies (231ms)
		RebuildTransferFunctionScriptingTraits (0ms)
		AnalyzeDomain (21ms)
			TypeCache.Refresh (8ms)
				TypeCache.ScanAssembly (0ms)
			ScanForSourceGeneratedMonoScriptInfo (8ms)
			ResolveRequiredComponents (4ms)
	FinalizeReload (797ms)
		ReleaseScriptCaches (0ms)
		RebuildScriptCaches (0ms)
		SetupLoadedEditorAssemblies (340ms)
			LogAssemblyErrors (0ms)
			InitializePlatformSupportModulesInManaged (6ms)
			SetLoadedEditorAssemblies (4ms)
			RefreshPlugins (0ms)
			BeforeProcessingInitializeOnLoad (61ms)
			ProcessInitializeOnLoadAttributes (238ms)
			ProcessInitializeOnLoadMethodAttributes (25ms)
			AfterProcessingInitializeOnLoad (5ms)
			EditorAssembliesLoaded (0ms)
		ExecutionOrderSort2 (0ms)
		AwakeInstancesAfterBackupRestoration (11ms)
Refreshing native plugins compatible for Editor in 7.01 ms, found 4 plugins.
Preloading 0 native plugins for Editor in 0.00 ms.
Unloading 4182 Unused Serialized files (Serialized files now loaded: 0)
Unloading 45 unused Assets / (218.7 KB). Loaded Objects now: 4666.
Memory consumption went from 144.6 MB to 144.4 MB.
Total: 3.609000 ms (FindLiveObjects: 0.346600 ms CreateObjectMapping: 0.130000 ms MarkObjects: 2.951900 ms  DeleteObjects: 0.179300 ms)

Prepare: number of updated asset objects reloaded= 0
AssetImportParameters requested are different than current active one (requested -> active):
  custom:scripting/monoscript/fileName/DeveloperModeManager.cs: 9ff8e0c30edb67efb3fea0b727b6a248 -> 
  custom:container-demuxer-ogg: 62fdf1f143b41e24485cea50d1cbac27 -> 
  custom:video-codec-MediaFoundation-h265: 746d11721c4dcdbdad8f713fa42b33f4 -> 
  custom:scripting/monoscript/fileName/RoomClearUIManager.cs: 6ad856a561d821a62b288eb14eede95e -> 2bedfd927f10c35b688aa410c3e874b0
  custom:video-decoder-ogg-theora: a1e56fd34408186e4bbccfd4996cb3dc -> 
  custom:framework-win-MediaFoundation: 216162199b28c13a410421893ffa2e32 -> 
  custom:CustomObjectIndexerAttribute: 9a22284fe3817be447336de3de66b15e -> 
  custom:container-demuxer-webm: 4f35f7cbe854078d1ac9338744f61a02 -> 
  custom:container-muxer-webm: aa71ff27fc2769a1b78a27578f13a17b -> 
  custom:video-decoder-webm-vp8: 9c59270c3fd7afecdb556c50c9e8de78 -> 
  custom:SearchIndexIgnoredProperties: e643bd26f0fe6173181afceb89e7c659 -> 
  custom:AudioImporter_EditorPlatform: d09bf68614088b80899f8185d706f6e7 -> 
  custom:video-encoder-webm-vp8: eb34c28f22e8b96e1ab97ce403110664 -> 
  custom:audio-decoder-ogg-vorbis: bf7c407c2cedff20999df2af8eb42d56 -> 
  custom:audio-encoder-webm-vorbis: bf7c407c2cedff20999df2af8eb42d56 -> 
